<?xml version="1.0" encoding="UTF-8"?>
<testsuite name="org.openapijsonschematools.client.parameter.SchemaQueryParameterTest" tests="3" skipped="0" failures="0" errors="0" timestamp="2024-05-01T00:14:31" hostname="Justins-MacBook-Air.local" time="0.029">
  <properties/>
  <testcase name="testQueryParameterPipeDelimitedSerialization" classname="org.openapijsonschematools.client.parameter.SchemaQueryParameterTest" time="0.008"/>
  <testcase name="testQueryParameterSpaceDelimitedSerialization" classname="org.openapijsonschematools.client.parameter.SchemaQueryParameterTest" time="0.006"/>
  <testcase name="testQueryParameterNoStyleSerialization" classname="org.openapijsonschematools.client.parameter.SchemaQueryParameterTest" time="0.01"/>
  <system-out><![CDATA[]]></system-out>
  <system-err><![CDATA[]]></system-err>
</testsuite>
