<?xml version="1.0" encoding="UTF-8"?>
<testsuite name="org.openapijsonschematools.client.schemas.AnyTypeSchemaTest" tests="11" skipped="0" failures="0" errors="0" timestamp="2024-05-01T00:14:31" hostname="Justins-MacBook-Air.local" time="0.045">
  <properties/>
  <testcase name="testValidateDouble" classname="org.openapijsonschematools.client.schemas.AnyTypeSchemaTest" time="0.004"/>
  <testcase name="testValidateMap" classname="org.openapijsonschematools.client.schemas.AnyTypeSchemaTest" time="0.006"/>
  <testcase name="testValidateString" classname="org.openapijsonschematools.client.schemas.AnyTypeSchemaTest" time="0.003"/>
  <testcase name="testValidateZonedDateTime" classname="org.openapijsonschematools.client.schemas.AnyTypeSchemaTest" time="0.005"/>
  <testcase name="testValidateLocalDate" classname="org.openapijsonschematools.client.schemas.AnyTypeSchemaTest" time="0.004"/>
  <testcase name="testValidateBoolean" classname="org.openapijsonschematools.client.schemas.AnyTypeSchemaTest" time="0.001"/>
  <testcase name="testValidateFloat" classname="org.openapijsonschematools.client.schemas.AnyTypeSchemaTest" time="0.0"/>
  <testcase name="testValidateInteger" classname="org.openapijsonschematools.client.schemas.AnyTypeSchemaTest" time="0.0"/>
  <testcase name="testValidateList" classname="org.openapijsonschematools.client.schemas.AnyTypeSchemaTest" time="0.013"/>
  <testcase name="testValidateLong" classname="org.openapijsonschematools.client.schemas.AnyTypeSchemaTest" time="0.0"/>
  <testcase name="testValidateNull" classname="org.openapijsonschematools.client.schemas.AnyTypeSchemaTest" time="0.0"/>
  <system-out><![CDATA[]]></system-out>
  <system-err><![CDATA[]]></system-err>
</testsuite>
