<?xml version="1.0" encoding="UTF-8"?>
<testsuite name="org.openapijsonschematools.client.schemas.validation.FormatValidatorTest" tests="26" skipped="0" failures="0" errors="0" timestamp="2024-05-01T00:14:32" hostname="Justins-MacBook-Air.local" time="0.127">
  <properties/>
  <testcase name="testFloatInclusiveMaxSucceeds" classname="org.openapijsonschematools.client.schemas.validation.FormatValidatorTest" time="0.007"/>
  <testcase name="testInt64InclusiveMinSucceeds" classname="org.openapijsonschematools.client.schemas.validation.FormatValidatorTest" time="0.002"/>
  <testcase name="testDoubleInclusiveMinSucceeds" classname="org.openapijsonschematools.client.schemas.validation.FormatValidatorTest" time="0.004"/>
  <testcase name="testInt64UnderMinFails" classname="org.openapijsonschematools.client.schemas.validation.FormatValidatorTest" time="0.006"/>
  <testcase name="testDoubleOverMaxFails" classname="org.openapijsonschematools.client.schemas.validation.FormatValidatorTest" time="0.005"/>
  <testcase name="testInt64InclusiveMaxSucceeds" classname="org.openapijsonschematools.client.schemas.validation.FormatValidatorTest" time="0.0"/>
  <testcase name="testDoubleInclusiveMaxSucceeds" classname="org.openapijsonschematools.client.schemas.validation.FormatValidatorTest" time="0.0"/>
  <testcase name="testInvalidNumberStringFails" classname="org.openapijsonschematools.client.schemas.validation.FormatValidatorTest" time="0.008"/>
  <testcase name="testInt64OverMaxFails" classname="org.openapijsonschematools.client.schemas.validation.FormatValidatorTest" time="0.002"/>
  <testcase name="testValidIntNumberStringSucceeds" classname="org.openapijsonschematools.client.schemas.validation.FormatValidatorTest" time="0.0"/>
  <testcase name="testInt32UnderMinFails" classname="org.openapijsonschematools.client.schemas.validation.FormatValidatorTest" time="0.01"/>
  <testcase name="testFloatOverMaxFails" classname="org.openapijsonschematools.client.schemas.validation.FormatValidatorTest" time="0.005"/>
  <testcase name="testFloatUnderMinFails" classname="org.openapijsonschematools.client.schemas.validation.FormatValidatorTest" time="0.009"/>
  <testcase name="testInt32InclusiveMinSucceeds" classname="org.openapijsonschematools.client.schemas.validation.FormatValidatorTest" time="0.002"/>
  <testcase name="testInvalidDateStringFails" classname="org.openapijsonschematools.client.schemas.validation.FormatValidatorTest" time="0.005"/>
  <testcase name="testIntFormatFailsWithFloat" classname="org.openapijsonschematools.client.schemas.validation.FormatValidatorTest" time="0.01"/>
  <testcase name="testIntFormatSucceedsWithInt" classname="org.openapijsonschematools.client.schemas.validation.FormatValidatorTest" time="0.0"/>
  <testcase name="testInt32InclusiveMaxSucceeds" classname="org.openapijsonschematools.client.schemas.validation.FormatValidatorTest" time="0.002"/>
  <testcase name="testValidFloatNumberStringSucceeds" classname="org.openapijsonschematools.client.schemas.validation.FormatValidatorTest" time="0.001"/>
  <testcase name="testValidDateTimeStringSucceeds" classname="org.openapijsonschematools.client.schemas.validation.FormatValidatorTest" time="0.009"/>
  <testcase name="testInvalidDateTimeStringFails" classname="org.openapijsonschematools.client.schemas.validation.FormatValidatorTest" time="0.008"/>
  <testcase name="testDoubleUnderMinFails" classname="org.openapijsonschematools.client.schemas.validation.FormatValidatorTest" time="0.003"/>
  <testcase name="testIntFormatSucceedsWithFloat" classname="org.openapijsonschematools.client.schemas.validation.FormatValidatorTest" time="0.0"/>
  <testcase name="testValidDateStringSucceeds" classname="org.openapijsonschematools.client.schemas.validation.FormatValidatorTest" time="0.004"/>
  <testcase name="testInt32OverMaxFails" classname="org.openapijsonschematools.client.schemas.validation.FormatValidatorTest" time="0.003"/>
  <testcase name="testFloatInclusiveMinSucceeds" classname="org.openapijsonschematools.client.schemas.validation.FormatValidatorTest" time="0.0"/>
  <system-out><![CDATA[]]></system-out>
  <system-err><![CDATA[]]></system-err>
</testsuite>
