<?xml version="1.0" encoding="UTF-8"?>
<testsuite name="org.openapijsonschematools.client.parameter.PathSerializerTest" tests="1" skipped="0" failures="0" errors="0" timestamp="2024-05-01T00:14:31" hostname="Justins-MacBook-Air.local" time="0.028">
  <properties/>
  <testcase name="testSerialization" classname="org.openapijsonschematools.client.parameter.PathSerializerTest" time="0.028"/>
  <system-out><![CDATA[]]></system-out>
  <system-err><![CDATA[]]></system-err>
</testsuite>
