<?xml version="1.0" encoding="UTF-8"?>
<testsuite name="org.openapijsonschematools.client.schemas.ListBuilderTest" tests="2" skipped="0" failures="0" errors="0" timestamp="2024-05-01T00:14:31" hostname="Justins-MacBook-Air.local" time="0.009">
  <properties/>
  <testcase name="testSucceedsWithNonNullInput" classname="org.openapijsonschematools.client.schemas.ListBuilderTest" time="0.006"/>
  <testcase name="testSucceedsWithNullInput" classname="org.openapijsonschematools.client.schemas.ListBuilderTest" time="0.001"/>
  <system-out><![CDATA[]]></system-out>
  <system-err><![CDATA[]]></system-err>
</testsuite>
