<?xml version="1.0" encoding="UTF-8"?>
<testsuite name="org.openapijsonschematools.client.schemas.ArrayTypeSchemaTest" tests="3" skipped="0" failures="0" errors="0" timestamp="2024-05-01T00:14:31" hostname="Justins-MacBook-Air.local" time="0.034">
  <properties/>
  <testcase name="testValidateArrayWithItemsSchema" classname="org.openapijsonschematools.client.schemas.ArrayTypeSchemaTest" time="0.01"/>
  <testcase name="testExceptionThrownForInvalidType" classname="org.openapijsonschematools.client.schemas.ArrayTypeSchemaTest" time="0.001"/>
  <testcase name="testValidateArrayWithOutputClsSchema" classname="org.openapijsonschematools.client.schemas.ArrayTypeSchemaTest" time="0.02"/>
  <system-out><![CDATA[]]></system-out>
  <system-err><![CDATA[]]></system-err>
</testsuite>
