<?xml version="1.0" encoding="UTF-8"?>
<testsuite name="org.openapijsonschematools.client.header.ContentHeaderTest" tests="1" skipped="0" failures="0" errors="0" timestamp="2024-05-01T00:14:30" hostname="Justins-MacBook-Air.local" time="0.273">
  <properties/>
  <testcase name="testSerialization" classname="org.openapijsonschematools.client.header.ContentHeaderTest" time="0.273"/>
  <system-out><![CDATA[]]></system-out>
  <system-err><![CDATA[]]></system-err>
</testsuite>
