<?xml version="1.0" encoding="UTF-8"?>
<testsuite name="org.openapijsonschematools.client.schemas.ListSchemaTest" tests="2" skipped="0" failures="0" errors="0" timestamp="2024-05-01T00:14:32" hostname="Justins-MacBook-Air.local" time="0.01">
  <properties/>
  <testcase name="testExceptionThrownForInvalidType" classname="org.openapijsonschematools.client.schemas.ListSchemaTest" time="0.001"/>
  <testcase name="testValidateList" classname="org.openapijsonschematools.client.schemas.ListSchemaTest" time="0.008"/>
  <system-out><![CDATA[]]></system-out>
  <system-err><![CDATA[]]></system-err>
</testsuite>
