<?xml version="1.0" encoding="UTF-8"?>
<testsuite name="org.openapijsonschematools.client.schemas.validation.RequiredValidatorTest" tests="3" skipped="0" failures="0" errors="0" timestamp="2024-05-01T00:14:32" hostname="Justins-MacBook-Air.local" time="0.026">
  <properties/>
  <testcase name="testNotApplicableTypeReturnsNull" classname="org.openapijsonschematools.client.schemas.validation.RequiredValidatorTest" time="0.004"/>
  <testcase name="testIncorrectPropertyFails" classname="org.openapijsonschematools.client.schemas.validation.RequiredValidatorTest" time="0.021"/>
  <testcase name="testCorrectPropertySucceeds" classname="org.openapijsonschematools.client.schemas.validation.RequiredValidatorTest" time="0.001"/>
  <system-out><![CDATA[]]></system-out>
  <system-err><![CDATA[]]></system-err>
</testsuite>
