<?xml version="1.0" encoding="UTF-8"?>
<testsuite name="org.openapijsonschematools.client.schemas.validation.AdditionalPropertiesValidatorTest" tests="3" skipped="0" failures="0" errors="0" timestamp="2024-05-01T00:14:32" hostname="Justins-MacBook-Air.local" time="0.022">
  <properties/>
  <testcase name="testNotApplicableTypeReturnsNull" classname="org.openapijsonschematools.client.schemas.validation.AdditionalPropertiesValidatorTest" time="0.001"/>
  <testcase name="testCorrectPropertySucceeds" classname="org.openapijsonschematools.client.schemas.validation.AdditionalPropertiesValidatorTest" time="0.002"/>
  <testcase name="testIncorrectPropertyValueFails" classname="org.openapijsonschematools.client.schemas.validation.AdditionalPropertiesValidatorTest" time="0.007"/>
  <system-out><![CDATA[]]></system-out>
  <system-err><![CDATA[]]></system-err>
</testsuite>
