<?xml version="1.0" encoding="UTF-8"?>
<testsuite name="org.openapijsonschematools.client.requestbody.RequestBodySerializerTest" tests="3" skipped="0" failures="0" errors="0" timestamp="2024-05-01T00:14:31" hostname="Justins-MacBook-Air.local" time="0.117">
  <properties/>
  <testcase name="testSerializeApplicationJson" classname="org.openapijsonschematools.client.requestbody.RequestBodySerializerTest" time="0.102"/>
  <testcase name="testSerializeTextPlain" classname="org.openapijsonschematools.client.requestbody.RequestBodySerializerTest" time="0.009"/>
  <testcase name="testContentTypeIsJson" classname="org.openapijsonschematools.client.requestbody.RequestBodySerializerTest" time="0.003"/>
  <system-out><![CDATA[]]></system-out>
  <system-err><![CDATA[]]></system-err>
</testsuite>
