<?xml version="1.0" encoding="UTF-8"?>
<testsuite name="org.openapijsonschematools.client.response.ResponseDeserializerTest" tests="6" skipped="0" failures="0" errors="0" timestamp="2024-05-01T00:14:31" hostname="Justins-MacBook-Air.local" time="0.038">
  <properties/>
  <testcase name="testDeserializeApplicationJsonString" classname="org.openapijsonschematools.client.response.ResponseDeserializerTest" time="0.024"/>
  <testcase name="testDeserializeApplicationJsonNull" classname="org.openapijsonschematools.client.response.ResponseDeserializerTest" time="0.001"/>
  <testcase name="testDeserializeApplicationJsonTrue" classname="org.openapijsonschematools.client.response.ResponseDeserializerTest" time="0.001"/>
  <testcase name="testDeserializeApplicationJsonInt" classname="org.openapijsonschematools.client.response.ResponseDeserializerTest" time="0.001"/>
  <testcase name="testDeserializeApplicationJsonFalse" classname="org.openapijsonschematools.client.response.ResponseDeserializerTest" time="0.001"/>
  <testcase name="testDeserializeApplicationJsonFloat" classname="org.openapijsonschematools.client.response.ResponseDeserializerTest" time="0.006"/>
  <system-out><![CDATA[]]></system-out>
  <system-err><![CDATA[]]></system-err>
</testsuite>
