<?xml version="1.0" encoding="UTF-8"?>
<testsuite name="org.openapijsonschematools.client.schemas.validation.JsonSchemaTest" tests="1" skipped="0" failures="0" errors="0" timestamp="2024-05-01T00:14:32" hostname="Justins-MacBook-Air.local" time="0.009">
  <properties/>
  <testcase name="testValidateSucceeds" classname="org.openapijsonschematools.client.schemas.validation.JsonSchemaTest" time="0.009"/>
  <system-out><![CDATA[]]></system-out>
  <system-err><![CDATA[]]></system-err>
</testsuite>
