<?xml version="1.0" encoding="UTF-8"?>
<testsuite name="org.openapijsonschematools.client.schemas.BooleanSchemaTest" tests="3" skipped="0" failures="0" errors="0" timestamp="2024-05-01T00:14:31" hostname="Justins-MacBook-Air.local" time="0.016">
  <properties/>
  <testcase name="testExceptionThrownForInvalidType" classname="org.openapijsonschematools.client.schemas.BooleanSchemaTest" time="0.004"/>
  <testcase name="testValidateFalse" classname="org.openapijsonschematools.client.schemas.BooleanSchemaTest" time="0.005"/>
  <testcase name="testValidateTrue" classname="org.openapijsonschematools.client.schemas.BooleanSchemaTest" time="0.0"/>
  <system-out><![CDATA[]]></system-out>
  <system-err><![CDATA[]]></system-err>
</testsuite>
