<?xml version="1.0" encoding="UTF-8"?>
<testsuite name="org.openapijsonschematools.client.parameter.HeadersSerializerTest" tests="1" skipped="0" failures="0" errors="0" timestamp="2024-05-01T00:14:31" hostname="Justins-MacBook-Air.local" time="0.007">
  <properties/>
  <testcase name="testSerialization" classname="org.openapijsonschematools.client.parameter.HeadersSerializerTest" time="0.007"/>
  <system-out><![CDATA[]]></system-out>
  <system-err><![CDATA[]]></system-err>
</testsuite>
